<?xml version="1.0" encoding="UTF-8"?>
<!-- Generated by org.testng.reporters.JUnitReportReporter -->
<testsuite hostname="LAPTOP-OUP4BTNR" failures="0" tests="4" name="com.application.test.ApplicationTest" time="28.509" errors="0" timestamp="2022-07-08T17:10:03 IST" skipped="0">
  <testcase classname="com.application.test.ApplicationTest" name="verifyApplicationTitle" time="2.643"/>
  <system-out/>
  <testcase classname="com.application.test.ApplicationTest" name="addProductToCartInApp" time="7.285"/>
  <system-out/>
  <testcase classname="com.application.test.ApplicationTest" name="VerifyProductAddedTOCart" time="5.788"/>
  <system-out/>
  <testcase classname="com.application.test.ApplicationTest" name="placeOrderAndRemoveProduct" time="12.793"/>
  <system-out/>
</testsuite> <!-- com.application.test.ApplicationTest -->
